<?xml version="1.0" encoding="UTF-8"?>
<!-- Generated by org.testng.reporters.JUnitReportReporter -->
<testsuite hostname="PrimeTechs-iMac" failures="0" tests="2" name="api_tests.Items_management_api" time="2.276" errors="0" timestamp="2024-03-14T21:34:33 EDT" skipped="0">
  <testcase classname="api_tests.Items_management_api" name="create_item" time="1.085"/>
  <testcase classname="api_tests.Items_management_api" name="login_test" time="1.191"/>
</testsuite> <!-- api_tests.Items_management_api -->
