<?xml version="1.0" encoding="UTF-8"?>
<!-- Generated by org.testng.reporters.JUnitReportReporter -->
<testsuite hostname="PrimeTechs-iMac" failures="0" tests="5" name="api_tests.Items_management_api" time="2.715" errors="0" timestamp="2024-03-06T20:38:34 EST" skipped="0">
  <testcase classname="api_tests.Items_management_api" name="update_item" time="0.448"/>
  <testcase classname="api_tests.Items_management_api" name="login_test" time="1.064"/>
  <testcase classname="api_tests.Items_management_api" name="create_item" time="0.548"/>
  <testcase classname="api_tests.Items_management_api" name="delete_item" time="0.206"/>
  <testcase classname="api_tests.Items_management_api" name="get_item" time="0.449"/>
</testsuite> <!-- api_tests.Items_management_api -->
