<?xml version="1.0" encoding="UTF-8"?>
<!-- Generated by org.testng.reporters.JUnitReportReporter -->
<testsuite hostname="PrimeTechs-iMac" failures="0" tests="1" name="api_tests.Items_Mngt_Improved" time="0.935" errors="0" timestamp="2024-03-11T21:07:59 EDT" skipped="0">
  <testcase classname="api_tests.Items_Mngt_Improved" name="petStore_invalid_endpoint" time="0.935"/>
</testsuite> <!-- api_tests.Items_Mngt_Improved -->
