<?xml version="1.0" encoding="UTF-8"?>
<!-- Generated by org.testng.reporters.JUnitReportReporter -->
<testsuite hostname="PrimeTechs-iMac" failures="0" tests="6" name="api_tests.Items_management_api" time="4.189" errors="0" timestamp="2024-03-12T21:04:56 EDT" skipped="0">
  <testcase classname="api_tests.Items_management_api" name="update_item" time="0.340"/>
  <testcase classname="api_tests.Items_management_api" name="list_all_items" time="1.460"/>
  <testcase classname="api_tests.Items_management_api" name="get_item" time="0.432"/>
  <testcase classname="api_tests.Items_management_api" name="delete_item" time="0.205"/>
  <testcase classname="api_tests.Items_management_api" name="login_test" time="1.139"/>
  <testcase classname="api_tests.Items_management_api" name="create_item" time="0.613"/>
</testsuite> <!-- api_tests.Items_management_api -->
