<?xml version="1.0" encoding="UTF-8"?>
<!-- Generated by org.testng.reporters.JUnitReportReporter -->
<testsuite hostname="PrimeTechs-iMac" failures="0" tests="2" name="api_tests.TestNGDemo" time="0.006" errors="0" timestamp="2024-03-12T21:04:56 EDT" skipped="0">
  <testcase classname="api_tests.TestNGDemo" name="demoTest" time="0.005"/>
  <testcase classname="api_tests.TestNGDemo" name="anotherTest" time="0.001"/>
</testsuite> <!-- api_tests.TestNGDemo -->
